<?xml version="1.0" encoding="UTF-8"?>
<!-- Generated by org.testng.reporters.JUnitXMLReporter -->
<testsuite hostname="ip-172-31-80-97" ignored="2" name="Test" tests="3" failures="0" timestamp="2021-10-27T15:51:32 UTC" time="0.07" errors="0">
  <testcase name="creditcardTest" time="0.01" classname="test.Testcase2"/>
  <testcase name="CarloanTest" time="0.001" classname="test.Testcase1"/>
  <testcase name="HomeloanTest" time="0.001" classname="test.Testcase1"/>
  <testcase name="@BeforeTest BeforTestMethod" time="0.0" classname="test.BaseClass">
    <ignored/>
  </testcase> <!-- @BeforeTest BeforTestMethod -->
  <testcase name="@AfterTest AfterTestMethod" time="0.0" classname="test.BaseClass">
    <ignored/>
  </testcase> <!-- @AfterTest AfterTestMethod -->
</testsuite> <!-- Test -->
