<?xml version="1.0" encoding="UTF-8"?>
<testng-results skipped="0" failed="0" ignored="0" total="2" passed="2">
  <reporter-output>
  </reporter-output>
  <suite name="Simplisuit" duration-ms="11492" started-at="2021-11-08T03:47:51 UTC" finished-at="2021-11-08T03:48:03 UTC">
    <groups>
    </groups>
    <test name="Test" duration-ms="11492" started-at="2021-11-08T03:47:51 UTC" finished-at="2021-11-08T03:48:03 UTC">
      <class name="test.LoginTest">
        <test-method status="PASS" signature="ReportSteup()[pri:0, instance:test.LoginTest@7a187f14]" name="ReportSteup" is-config="true" duration-ms="316" started-at="2021-11-08T03:47:51 UTC" finished-at="2021-11-08T03:47:52 UTC">
          <reporter-output>
          </reporter-output>
        </test-method> <!-- ReportSteup -->
        <test-method status="PASS" signature="setup()[pri:0, instance:test.LoginTest@7a187f14]" name="setup" is-config="true" duration-ms="3147" started-at="2021-11-08T03:47:52 UTC" finished-at="2021-11-08T03:47:55 UTC">
          <reporter-output>
          </reporter-output>
        </test-method> <!-- setup -->
        <test-method status="PASS" signature="NegativeLogin(java.lang.String,java.lang.String)[pri:0, instance:test.LoginTest@7a187f14]" name="NegativeLogin" duration-ms="3230" started-at="2021-11-08T03:47:55 UTC" finished-at="2021-11-08T03:47:58 UTC">
          <params>
            <param index="0">
              <value>
                <![CDATA[devesh@gmail.com]]>
              </value>
            </param>
            <param index="1">
              <value>
                <![CDATA[@DEV123gh]]>
              </value>
            </param>
          </params>
          <reporter-output>
          </reporter-output>
        </test-method> <!-- NegativeLogin -->
        <test-method status="PASS" signature="teardown()[pri:0, instance:test.LoginTest@7a187f14]" name="teardown" is-config="true" duration-ms="93" started-at="2021-11-08T03:47:58 UTC" finished-at="2021-11-08T03:47:58 UTC">
          <reporter-output>
          </reporter-output>
        </test-method> <!-- teardown -->
        <test-method status="PASS" signature="setup()[pri:0, instance:test.LoginTest@7a187f14]" name="setup" is-config="true" duration-ms="1337" started-at="2021-11-08T03:47:58 UTC" finished-at="2021-11-08T03:48:00 UTC">
          <reporter-output>
          </reporter-output>
        </test-method> <!-- setup -->
        <test-method status="PASS" signature="PositiveLogin(java.lang.String,java.lang.String)[pri:0, instance:test.LoginTest@7a187f14]" name="PositiveLogin" duration-ms="2980" started-at="2021-11-08T03:48:00 UTC" finished-at="2021-11-08T03:48:03 UTC">
          <params>
            <param index="0">
              <value>
                <![CDATA[devesh@gmail.com]]>
              </value>
            </param>
            <param index="1">
              <value>
                <![CDATA[@DEV123gh]]>
              </value>
            </param>
          </params>
          <reporter-output>
          </reporter-output>
        </test-method> <!-- PositiveLogin -->
        <test-method status="PASS" signature="teardown()[pri:0, instance:test.LoginTest@7a187f14]" name="teardown" is-config="true" duration-ms="70" started-at="2021-11-08T03:48:03 UTC" finished-at="2021-11-08T03:48:03 UTC">
          <reporter-output>
          </reporter-output>
        </test-method> <!-- teardown -->
        <test-method status="PASS" signature="ReportTearDown()[pri:0, instance:test.LoginTest@7a187f14]" name="ReportTearDown" is-config="true" duration-ms="276" started-at="2021-11-08T03:48:03 UTC" finished-at="2021-11-08T03:48:03 UTC">
          <reporter-output>
          </reporter-output>
        </test-method> <!-- ReportTearDown -->
      </class> <!-- test.LoginTest -->
    </test> <!-- Test -->
  </suite> <!-- Simplisuit -->
</testng-results>
